Wed Oct 05 08:39:21 CEST 2016 : Apache Derby Serveur réseau - 10.8.3.2 - (1557835) démarré et prêt à accepter les connexions sur le port 1527
----------------------------------------------------------------
Wed Oct 05 08:39:21 CEST 2016:
Amorçage de Derby version The Apache Software Foundation - Apache Derby - 10.8.3.2 - (1557835) : instance a816c00e-0157-9391-6468-fffff465a48e 
dans le répertoire de base de données C:\Temp\WASO-Project-Moodle\BDD\WASO-DB-Personne  avec le chargeur de classe sun.misc.Launcher$AppClassLoader@71b98cbb

java.vendor=Oracle Corporation
java.runtime.version=1.7.0_71-b14
user.dir=C:\Program Files\Java\jdk1.7.0_71\db
os.name=Windows 7
os.arch=amd64
os.version=6.1
derby.system.home=C:\Temp\WASO-Project-Moodle\BDD
Chargeur de classe de la base de données démarré - derby.database.classpath=''
----------------------------------------------------------------
Wed Oct 05 08:39:27 CEST 2016:
Fermeture de l'instance a816c00e-0157-9391-6468-fffff465a48e sur le répertoire de base de données C:\Temp\WASO-Project-Moodle\BDD\WASO-DB-Personne avec le chargeur de classe sun.misc.Launcher$AppClassLoader@71b98cbb
Wed Oct 05 08:39:27 CEST 2016 Thread[DRDAConnThread_3,5,main] (DATABASE = WASO-DB-Personne), (DRDAID = {2}), Arrêt de la base de données 'WASO-DB-Personne'.
----------------------------------------------------------------
Wed Oct 05 08:39:51 CEST 2016:
Amorçage de Derby version The Apache Software Foundation - Apache Derby - 10.8.3.2 - (1557835) : instance 6c44409f-0157-9391-6468-fffff465a48e 
dans le répertoire de base de données C:\Temp\WASO-Project-Moodle\BDD\WASO-DB-Client  avec le chargeur de classe sun.misc.Launcher$AppClassLoader@71b98cbb

java.vendor=Oracle Corporation
java.runtime.version=1.7.0_71-b14
user.dir=C:\Program Files\Java\jdk1.7.0_71\db
os.name=Windows 7
os.arch=amd64
os.version=6.1
derby.system.home=C:\Temp\WASO-Project-Moodle\BDD
Chargeur de classe de la base de données démarré - derby.database.classpath=''
----------------------------------------------------------------
Wed Oct 05 08:39:57 CEST 2016:
Fermeture de l'instance 6c44409f-0157-9391-6468-fffff465a48e sur le répertoire de base de données C:\Temp\WASO-Project-Moodle\BDD\WASO-DB-Client avec le chargeur de classe sun.misc.Launcher$AppClassLoader@71b98cbb
Wed Oct 05 08:39:57 CEST 2016 Thread[DRDAConnThread_3,5,main] (DATABASE = WASO-DB-Client), (DRDAID = {4}), Arrêt de la base de données 'WASO-DB-Client'.
----------------------------------------------------------------
Wed Oct 05 08:40:06 CEST 2016:
Amorçage de Derby version The Apache Software Foundation - Apache Derby - 10.8.3.2 - (1557835) : instance 24fa0130-0157-9391-6468-fffff465a48e 
dans le répertoire de base de données C:\Temp\WASO-Project-Moodle\BDD\WASO-DB-Personne  avec le chargeur de classe sun.misc.Launcher$AppClassLoader@71b98cbb

java.vendor=Oracle Corporation
java.runtime.version=1.7.0_71-b14
user.dir=C:\Program Files\Java\jdk1.7.0_71\db
os.name=Windows 7
os.arch=amd64
os.version=6.1
derby.system.home=C:\Temp\WASO-Project-Moodle\BDD
Chargeur de classe de la base de données démarré - derby.database.classpath=''
----------------------------------------------------------------
Wed Oct 05 08:40:30 CEST 2016:
Amorçage de Derby version The Apache Software Foundation - Apache Derby - 10.8.3.2 - (1557835) : instance 96a2414f-0157-9391-6468-fffff465a48e 
dans le répertoire de base de données C:\Temp\WASO-Project-Moodle\BDD\WASO-DB-Client  avec le chargeur de classe sun.misc.Launcher$AppClassLoader@71b98cbb

java.vendor=Oracle Corporation
java.runtime.version=1.7.0_71-b14
user.dir=C:\Program Files\Java\jdk1.7.0_71\db
os.name=Windows 7
os.arch=amd64
os.version=6.1
derby.system.home=C:\Temp\WASO-Project-Moodle\BDD
Chargeur de classe de la base de données démarré - derby.database.classpath=''
----------------------------------------------------------------
Wed Oct 05 09:08:04 CEST 2016:
Fermeture de l'instance 96a2414f-0157-9391-6468-fffff465a48e sur le répertoire de base de données C:\Temp\WASO-Project-Moodle\BDD\WASO-DB-Client avec le chargeur de classe sun.misc.Launcher$AppClassLoader@71b98cbb
Wed Oct 05 09:08:04 CEST 2016 Thread[DRDAConnThread_5,5,main] (DATABASE = WASO-DB-Client), (DRDAID = {7}), Arrêt de la base de données 'WASO-DB-Client'.
----------------------------------------------------------------
Wed Oct 05 09:08:08 CEST 2016:
Fermeture de l'instance 24fa0130-0157-9391-6468-fffff465a48e sur le répertoire de base de données C:\Temp\WASO-Project-Moodle\BDD\WASO-DB-Personne avec le chargeur de classe sun.misc.Launcher$AppClassLoader@71b98cbb
Wed Oct 05 09:08:08 CEST 2016 Thread[DRDAConnThread_5,5,main] (DATABASE = WASO-DB-Personne), (DRDAID = {8}), Arrêt de la base de données 'WASO-DB-Personne'.
----------------------------------------------------------------
Wed Oct 05 09:08:30 CEST 2016:
Amorçage de Derby version The Apache Software Foundation - Apache Derby - 10.8.3.2 - (1557835) : instance 5737822d-0157-9391-6468-fffff465a48e 
dans le répertoire de base de données C:\Temp\WASO-Project-Moodle\BDD\WASO-BD-Personne  avec le chargeur de classe sun.misc.Launcher$AppClassLoader@71b98cbb

java.vendor=Oracle Corporation
java.runtime.version=1.7.0_71-b14
user.dir=C:\Program Files\Java\jdk1.7.0_71\db
os.name=Windows 7
os.arch=amd64
os.version=6.1
derby.system.home=C:\Temp\WASO-Project-Moodle\BDD
Chargeur de classe de la base de données démarré - derby.database.classpath=''
----------------------------------------------------------------
Wed Oct 05 09:08:36 CEST 2016:
Fermeture de l'instance 5737822d-0157-9391-6468-fffff465a48e sur le répertoire de base de données C:\Temp\WASO-Project-Moodle\BDD\WASO-BD-Personne avec le chargeur de classe sun.misc.Launcher$AppClassLoader@71b98cbb
Wed Oct 05 09:08:36 CEST 2016 Thread[DRDAConnThread_5,5,main] (DATABASE = WASO-BD-Personne), (DRDAID = {10}), Arrêt de la base de données 'WASO-BD-Personne'.
----------------------------------------------------------------
Wed Oct 05 09:08:57 CEST 2016:
Amorçage de Derby version The Apache Software Foundation - Apache Derby - 10.8.3.2 - (1557835) : instance 1848c2be-0157-9391-6468-fffff465a48e 
dans le répertoire de base de données C:\Temp\WASO-Project-Moodle\BDD\WASO-BD-Client  avec le chargeur de classe sun.misc.Launcher$AppClassLoader@71b98cbb

java.vendor=Oracle Corporation
java.runtime.version=1.7.0_71-b14
user.dir=C:\Program Files\Java\jdk1.7.0_71\db
os.name=Windows 7
os.arch=amd64
os.version=6.1
derby.system.home=C:\Temp\WASO-Project-Moodle\BDD
Chargeur de classe de la base de données démarré - derby.database.classpath=''
----------------------------------------------------------------
Wed Oct 05 09:09:03 CEST 2016:
Fermeture de l'instance 1848c2be-0157-9391-6468-fffff465a48e sur le répertoire de base de données C:\Temp\WASO-Project-Moodle\BDD\WASO-BD-Client avec le chargeur de classe sun.misc.Launcher$AppClassLoader@71b98cbb
Wed Oct 05 09:09:03 CEST 2016 Thread[DRDAConnThread_5,5,main] (DATABASE = WASO-BD-Client), (DRDAID = {12}), Arrêt de la base de données 'WASO-BD-Client'.
----------------------------------------------------------------
Wed Oct 05 09:09:08 CEST 2016:
Amorçage de Derby version The Apache Software Foundation - Apache Derby - 10.8.3.2 - (1557835) : instance bde2434f-0157-9391-6468-fffff465a48e 
dans le répertoire de base de données C:\Temp\WASO-Project-Moodle\BDD\WASO-BD-Client  avec le chargeur de classe sun.misc.Launcher$AppClassLoader@71b98cbb

java.vendor=Oracle Corporation
java.runtime.version=1.7.0_71-b14
user.dir=C:\Program Files\Java\jdk1.7.0_71\db
os.name=Windows 7
os.arch=amd64
os.version=6.1
derby.system.home=C:\Temp\WASO-Project-Moodle\BDD
Chargeur de classe de la base de données démarré - derby.database.classpath=''
----------------------------------------------------------------
Wed Oct 05 09:09:09 CEST 2016:
Amorçage de Derby version The Apache Software Foundation - Apache Derby - 10.8.3.2 - (1557835) : instance fa8e0371-0157-9391-6468-fffff465a48e 
dans le répertoire de base de données C:\Temp\WASO-Project-Moodle\BDD\WASO-BD-Personne  avec le chargeur de classe sun.misc.Launcher$AppClassLoader@71b98cbb

java.vendor=Oracle Corporation
java.runtime.version=1.7.0_71-b14
user.dir=C:\Program Files\Java\jdk1.7.0_71\db
os.name=Windows 7
os.arch=amd64
os.version=6.1
derby.system.home=C:\Temp\WASO-Project-Moodle\BDD
Chargeur de classe de la base de données démarré - derby.database.classpath=''
